2023-03-06 07:47:22,680  INFO [main] SauceDemo-15Oct-Project:46 - Browser is opened
2023-03-06 07:47:22,934  INFO [main] SauceDemo-15Oct-Project:49 - Browser is maximized
2023-03-06 07:47:25,440  INFO [main] SauceDemo-15Oct-Project:52 - Url is opened
2023-03-06 07:47:25,776  INFO [main] SauceDemo-15Oct-Project:56 - Screenshot is taken
2023-03-06 07:47:26,829  INFO [main] SauceDemo-15Oct-Project:63 - Username is entered
2023-03-06 07:47:27,279  INFO [main] SauceDemo-15Oct-Project:66 - Password is entered
2023-03-06 07:47:28,003  INFO [main] SauceDemo-15Oct-Project:69 - Clicked on login button
2023-03-06 07:47:28,005  INFO [main] SauceDemo-15Oct-Project:72 - Went on homePage
2023-03-06 07:47:28,689  INFO [main] SauceDemo-15Oct-Project:76 - Screenshot is taken
2023-03-06 07:47:29,752  INFO [main] SauceDemo-15Oct-Project:83 - Browser is closed
2023-03-06 07:47:29,753  INFO [main] SauceDemo-15Oct-Project:84 - End of Program
2023-03-06 07:47:32,889  INFO [main] SauceDemo-15Oct-Project:46 - Browser is opened
2023-03-06 07:47:33,239  INFO [main] SauceDemo-15Oct-Project:49 - Browser is maximized
2023-03-06 07:47:35,154  INFO [main] SauceDemo-15Oct-Project:52 - Url is opened
2023-03-06 07:47:35,465  INFO [main] SauceDemo-15Oct-Project:56 - Screenshot is taken
2023-03-06 07:47:36,073  INFO [main] SauceDemo-15Oct-Project:63 - Username is entered
2023-03-06 07:47:36,430  INFO [main] SauceDemo-15Oct-Project:66 - Password is entered
2023-03-06 07:47:37,195  INFO [main] SauceDemo-15Oct-Project:69 - Clicked on login button
2023-03-06 07:47:37,196  INFO [main] SauceDemo-15Oct-Project:72 - Went on homePage
2023-03-06 07:47:37,848  INFO [main] SauceDemo-15Oct-Project:76 - Screenshot is taken
2023-03-06 07:47:39,330  INFO [main] SauceDemo-15Oct-Project:83 - Browser is closed
2023-03-06 07:47:39,336  INFO [main] SauceDemo-15Oct-Project:84 - End of Program
2023-03-06 07:47:42,561  INFO [main] SauceDemo-15Oct-Project:46 - Browser is opened
2023-03-06 07:47:42,807  INFO [main] SauceDemo-15Oct-Project:49 - Browser is maximized
2023-03-06 07:47:45,342  INFO [main] SauceDemo-15Oct-Project:52 - Url is opened
2023-03-06 07:47:45,671  INFO [main] SauceDemo-15Oct-Project:56 - Screenshot is taken
2023-03-06 07:47:46,769  INFO [main] SauceDemo-15Oct-Project:63 - Username is entered
2023-03-06 07:47:47,679  INFO [main] SauceDemo-15Oct-Project:66 - Password is entered
2023-03-06 07:47:48,679  INFO [main] SauceDemo-15Oct-Project:69 - Clicked on login button
2023-03-06 07:47:48,680  INFO [main] SauceDemo-15Oct-Project:72 - Went on homePage
2023-03-06 07:47:49,273  INFO [main] SauceDemo-15Oct-Project:76 - Screenshot is taken
2023-03-06 07:47:50,685  INFO [main] SauceDemo-15Oct-Project:83 - Browser is closed
2023-03-06 07:47:50,686  INFO [main] SauceDemo-15Oct-Project:84 - End of Program
2023-03-06 07:47:53,780  INFO [main] SauceDemo-15Oct-Project:46 - Browser is opened
2023-03-06 07:47:54,197  INFO [main] SauceDemo-15Oct-Project:49 - Browser is maximized
2023-03-06 07:47:56,100  INFO [main] SauceDemo-15Oct-Project:52 - Url is opened
2023-03-06 07:47:56,389  INFO [main] SauceDemo-15Oct-Project:56 - Screenshot is taken
2023-03-06 07:47:56,835  INFO [main] SauceDemo-15Oct-Project:63 - Username is entered
2023-03-06 07:47:57,278  INFO [main] SauceDemo-15Oct-Project:66 - Password is entered
2023-03-06 07:47:58,152  INFO [main] SauceDemo-15Oct-Project:69 - Clicked on login button
2023-03-06 07:47:58,153  INFO [main] SauceDemo-15Oct-Project:72 - Went on homePage
2023-03-06 07:47:58,778  INFO [main] SauceDemo-15Oct-Project:76 - Screenshot is taken
2023-03-06 07:47:58,784  INFO [main] SauceDemo-15Oct-Project:18 - Apply verification
2023-03-06 07:47:59,563  INFO [main] SauceDemo-15Oct-Project:83 - Browser is closed
2023-03-06 07:47:59,564  INFO [main] SauceDemo-15Oct-Project:84 - End of Program
